<?xml version="1.0" encoding="UTF-8"?>
<!-- Generated by org.testng.reporters.JUnitReportReporter -->
<testsuite hostname="Sais-MacBook-Pro.local" failures="0" tests="1" name="Activity4" time="6.445" errors="0" timestamp="2021-06-02T02:43:48 IST" skipped="0">
  <testcase classname="Activity4" name="addAndVerifyContacts" time="6.445"/>
  <system-out/>
</testsuite> <!-- Activity4 -->
