<?xml version="1.0" encoding="UTF-8"?>
<!-- Generated by org.testng.reporters.JUnitReportReporter -->
<testsuite hostname="Sais-MacBook-Pro.local" failures="0" tests="1" name="Activity3" time="14.223" errors="0" timestamp="2021-06-02T02:02:33 IST" skipped="0">
  <testcase classname="Activity3" name="calculations" time="14.223"/>
  <system-out/>
</testsuite> <!-- Activity3 -->
