<?xml version="1.0" encoding="UTF-8"?>
<!-- Generated by org.testng.reporters.JUnitReportReporter -->
<testsuite hostname="Sais-MacBook-Pro.local" failures="0" tests="1" name="Activity2" time="4.056" errors="0" timestamp="2021-06-02T01:50:36 IST" skipped="0">
  <testcase classname="Activity2" name="printTitleOfWebPages" time="4.056"/>
  <system-out/>
</testsuite> <!-- Activity2 -->
