<?xml version="1.0" encoding="UTF-8"?>
<!-- Generated by org.testng.reporters.JUnitReportReporter -->
<testsuite hostname="Sais-MacBook-Pro.local" failures="0" tests="1" name="Activity1" time="0.006" errors="0" timestamp="2021-06-02T03:17:25 IST" skipped="0">
  <testcase classname="Activity1" name="add" time="0.006"/>
  <system-out/>
</testsuite> <!-- Activity1 -->
