<?xml version="1.0" encoding="UTF-8"?>
<!-- Generated by org.testng.reporters.JUnitReportReporter -->
<testsuite hostname="Sais-MacBook-Pro.local" failures="0" tests="1" name="googleTasksAndKeep.GoogleTasks" time="32.867" errors="0" timestamp="2021-06-03T18:23:41 IST" skipped="0">
  <testcase classname="googleTasksAndKeep.GoogleTasks" name="activity1" time="32.867"/>
  <system-out/>
</testsuite> <!-- googleTasksAndKeep.GoogleTasks -->
