<?xml version="1.0" encoding="UTF-8"?>
<!-- Generated by org.testng.reporters.JUnitReportReporter -->
<testsuite hostname="Sais-MacBook-Pro.local" failures="0" tests="2" name="googleTasksAndKeep.GoogleKeep" time="24.978" errors="0" timestamp="2021-06-03T14:51:39 IST" skipped="0">
  <testcase classname="googleTasksAndKeep.GoogleKeep" name="activity3" time="15.700"/>
  <system-out/>
  <testcase classname="googleTasksAndKeep.GoogleKeep" name="activity2" time="9.278"/>
  <system-out/>
</testsuite> <!-- googleTasksAndKeep.GoogleKeep -->
