<?xml version="1.0" encoding="UTF-8"?>
<!-- Generated by org.testng.reporters.JUnitReportReporter -->
<testsuite hostname="Sais-MacBook-Pro.local" failures="0" tests="9" name="Tests.NewTest" time="802.588" errors="0" timestamp="10 May 2021 08:12:53 GMT">
  <testcase classname="Tests.NewTest" name="activity4" time="2.255"/>
  <testcase classname="Tests.NewTest" name="activity5" time="0.046"/>
  <testcase classname="Tests.NewTest" name="activity7" time="2.663"/>
  <testcase classname="Tests.NewTest" name="activity2" time="0.083"/>
  <testcase classname="Tests.NewTest" name="activity6" time="0.095"/>
  <testcase classname="Tests.NewTest" name="activity9" time="794.037"/>
  <testcase classname="Tests.NewTest" name="activity1" time="0.020"/>
  <testcase classname="Tests.NewTest" name="activity3" time="0.042"/>
  <testcase classname="Tests.NewTest" name="activity8" time="3.347"/>
</testsuite> <!-- Tests.NewTest -->
